2021-04-09 15:06:21.569 INFO  [                                             ] [background-preinit] o.h.validator.internal.util.Version [] [] - HV000001: Hibernate Validator 6.1.6.Final
2021-04-09 15:06:21.633 INFO  [                                             ] [main] c.b.c.server.demo.ServerApplication [] [] - Starting ServerApplication on jufeng with PID 15704 (E:\me-space\cas-bird\cas-brid-server-demo\target\classes started by 86186 in E:\me-space\cas-bird)
2021-04-09 15:06:21.634 INFO  [                                             ] [main] c.b.c.server.demo.ServerApplication [] [] - The following profiles are active: local
2021-04-09 15:06:23.081 INFO  [                                             ] [main] o.s.d.r.c.RepositoryConfigurationDelegate [] [] - Multiple Spring Data modules found, entering strict repository configuration mode!
2021-04-09 15:06:23.085 INFO  [                                             ] [main] o.s.d.r.c.RepositoryConfigurationDelegate [] [] - Bootstrapping Spring Data Redis repositories in DEFAULT mode.
2021-04-09 15:06:23.124 INFO  [                                             ] [main] o.s.d.r.c.RepositoryConfigurationDelegate [] [] - Finished Spring Data repository scanning in 19ms. Found 0 Redis repository interfaces.
2021-04-09 15:06:24.555 INFO  [                                             ] [main] o.s.b.w.e.tomcat.TomcatWebServer [] [] - Tomcat initialized with port(s): 9200 (http)
2021-04-09 15:06:24.589 INFO  [                                             ] [main] o.a.coyote.http11.Http11NioProtocol [] [] - Initializing ProtocolHandler ["http-nio-9200"]
2021-04-09 15:06:24.591 INFO  [                                             ] [main] o.a.catalina.core.StandardService [] [] - Starting service [Tomcat]
2021-04-09 15:06:24.593 INFO  [                                             ] [main] o.a.catalina.core.StandardEngine [] [] - Starting Servlet engine: [Apache Tomcat/9.0.39]
2021-04-09 15:06:25.344 INFO  [                                             ] [main] o.a.c.c.C.[Tomcat].[localhost].[/] [] [] - Initializing Spring embedded WebApplicationContext
2021-04-09 15:06:25.344 INFO  [                                             ] [main] o.s.b.w.s.c.ServletWebServerApplicationContext [] [] - Root WebApplicationContext: initialization completed in 3598 ms
2021-04-09 15:06:25.841 INFO  [                                             ] [main] o.s.s.c.ThreadPoolTaskExecutor [] [] - Initializing ExecutorService
2021-04-09 15:06:26.772 INFO  [                                             ] [main] o.s.s.c.ThreadPoolTaskExecutor [] [] - Initializing ExecutorService 'applicationTaskExecutor'
2021-04-09 15:06:27.091 WARN  [                                             ] [main] o.t.templatemode.TemplateMode [] [] - [THYMELEAF][main] Template Mode 'HTML5' is deprecated. Using Template Mode 'HTML' instead.
2021-04-09 15:06:28.194 INFO  [                                             ] [main] o.a.coyote.http11.Http11NioProtocol [] [] - Starting ProtocolHandler ["http-nio-9200"]
2021-04-09 15:06:28.240 INFO  [                                             ] [main] o.s.b.w.e.tomcat.TomcatWebServer [] [] - Tomcat started on port(s): 9200 (http) with context path ''
2021-04-09 15:06:28.256 INFO  [                                             ] [main] c.b.c.server.demo.ServerApplication [] [] - Started ServerApplication in 7.523 seconds (JVM running for 8.218)
2021-04-09 15:06:28.471 INFO  [                                             ] [http-nio-9200-exec-2] o.a.c.c.C.[Tomcat].[localhost].[/] [] [] - Initializing Spring DispatcherServlet 'dispatcherServlet'
2021-04-09 15:06:28.471 INFO  [                                             ] [http-nio-9200-exec-2] o.s.web.servlet.DispatcherServlet [] [] - Initializing Servlet 'dispatcherServlet'
2021-04-09 15:06:28.480 INFO  [                                             ] [http-nio-9200-exec-2] o.s.web.servlet.DispatcherServlet [] [] - Completed initialization in 9 ms
