2021-04-13 09:57:26.035 INFO  [                                             ] [background-preinit] o.h.validator.internal.util.Version [] [] - HV000001: Hibernate Validator 6.1.6.Final
2021-04-13 09:57:26.153 INFO  [                                             ] [main] c.b.c.server.demo.ServerApplication [] [] - Starting ServerApplication on jufeng with PID 43964 (E:\me-space\cas-bird\cas-brid-server-demo\target\classes started by 86186 in E:\me-space\cas-bird)
2021-04-13 09:57:26.155 INFO  [                                             ] [main] c.b.c.server.demo.ServerApplication [] [] - The following profiles are active: local
2021-04-13 09:57:28.148 INFO  [                                             ] [main] o.s.d.r.c.RepositoryConfigurationDelegate [] [] - Multiple Spring Data modules found, entering strict repository configuration mode!
2021-04-13 09:57:28.154 INFO  [                                             ] [main] o.s.d.r.c.RepositoryConfigurationDelegate [] [] - Bootstrapping Spring Data Redis repositories in DEFAULT mode.
2021-04-13 09:57:28.253 INFO  [                                             ] [main] o.s.d.r.c.RepositoryConfigurationDelegate [] [] - Finished Spring Data repository scanning in 60ms. Found 0 Redis repository interfaces.
2021-04-13 09:57:30.080 INFO  [                                             ] [main] o.s.b.w.e.tomcat.TomcatWebServer [] [] - Tomcat initialized with port(s): 9200 (http)
2021-04-13 09:57:30.099 INFO  [                                             ] [main] o.a.coyote.http11.Http11NioProtocol [] [] - Initializing ProtocolHandler ["http-nio-9200"]
2021-04-13 09:57:30.100 INFO  [                                             ] [main] o.a.catalina.core.StandardService [] [] - Starting service [Tomcat]
2021-04-13 09:57:30.100 INFO  [                                             ] [main] o.a.catalina.core.StandardEngine [] [] - Starting Servlet engine: [Apache Tomcat/9.0.39]
2021-04-13 09:57:30.309 INFO  [                                             ] [main] o.a.c.c.C.[Tomcat].[localhost].[/] [] [] - Initializing Spring embedded WebApplicationContext
2021-04-13 09:57:30.310 INFO  [                                             ] [main] o.s.b.w.s.c.ServletWebServerApplicationContext [] [] - Root WebApplicationContext: initialization completed in 3960 ms
2021-04-13 09:57:30.778 INFO  [                                             ] [main] o.s.s.c.ThreadPoolTaskExecutor [] [] - Initializing ExecutorService
2021-04-13 09:57:31.615 INFO  [                                             ] [main] o.s.s.c.ThreadPoolTaskExecutor [] [] - Initializing ExecutorService 'applicationTaskExecutor'
2021-04-13 09:57:31.934 WARN  [                                             ] [main] o.t.templatemode.TemplateMode [] [] - [THYMELEAF][main] Template Mode 'HTML5' is deprecated. Using Template Mode 'HTML' instead.
2021-04-13 09:57:33.212 INFO  [                                             ] [main] o.a.coyote.http11.Http11NioProtocol [] [] - Starting ProtocolHandler ["http-nio-9200"]
2021-04-13 09:57:33.268 INFO  [                                             ] [main] o.s.b.w.e.tomcat.TomcatWebServer [] [] - Tomcat started on port(s): 9200 (http) with context path ''
2021-04-13 09:57:33.293 INFO  [                                             ] [main] c.b.c.server.demo.ServerApplication [] [] - Started ServerApplication in 9.394 seconds (JVM running for 11.777)
2021-04-13 09:57:44.805 INFO  [                                             ] [http-nio-9200-exec-2] o.a.c.c.C.[Tomcat].[localhost].[/] [] [] - Initializing Spring DispatcherServlet 'dispatcherServlet'
2021-04-13 09:57:44.805 INFO  [                                             ] [http-nio-9200-exec-2] o.s.web.servlet.DispatcherServlet [] [] - Initializing Servlet 'dispatcherServlet'
2021-04-13 09:57:44.812 INFO  [                                             ] [http-nio-9200-exec-2] o.s.web.servlet.DispatcherServlet [] [] - Completed initialization in 6 ms
2021-04-13 09:58:43.550 INFO  [                                             ] [SpringContextShutdownHook] o.s.s.c.ThreadPoolTaskExecutor [] [] - Shutting down ExecutorService 'applicationTaskExecutor'
2021-04-13 09:58:43.593 INFO  [                                             ] [SpringContextShutdownHook] o.s.s.c.ThreadPoolTaskExecutor [] [] - Shutting down ExecutorService
2021-04-13 10:10:12.375 INFO  [                                             ] [background-preinit] o.h.validator.internal.util.Version [] [] - HV000001: Hibernate Validator 6.1.6.Final
2021-04-13 10:10:12.501 INFO  [                                             ] [main] c.b.c.server.demo.ServerApplication [] [] - Starting ServerApplication on jufeng with PID 38904 (E:\me-space\cas-bird\cas-brid-server-demo\target\classes started by 86186 in E:\me-space\cas-bird)
2021-04-13 10:10:12.503 INFO  [                                             ] [main] c.b.c.server.demo.ServerApplication [] [] - The following profiles are active: local
2021-04-13 10:10:14.447 INFO  [                                             ] [main] o.s.d.r.c.RepositoryConfigurationDelegate [] [] - Multiple Spring Data modules found, entering strict repository configuration mode!
2021-04-13 10:10:14.453 INFO  [                                             ] [main] o.s.d.r.c.RepositoryConfigurationDelegate [] [] - Bootstrapping Spring Data Redis repositories in DEFAULT mode.
2021-04-13 10:10:14.521 INFO  [                                             ] [main] o.s.d.r.c.RepositoryConfigurationDelegate [] [] - Finished Spring Data repository scanning in 35ms. Found 0 Redis repository interfaces.
2021-04-13 10:10:16.419 INFO  [                                             ] [main] o.s.b.w.e.tomcat.TomcatWebServer [] [] - Tomcat initialized with port(s): 9200 (http)
2021-04-13 10:10:16.439 INFO  [                                             ] [main] o.a.coyote.http11.Http11NioProtocol [] [] - Initializing ProtocolHandler ["http-nio-9200"]
2021-04-13 10:10:16.440 INFO  [                                             ] [main] o.a.catalina.core.StandardService [] [] - Starting service [Tomcat]
2021-04-13 10:10:16.440 INFO  [                                             ] [main] o.a.catalina.core.StandardEngine [] [] - Starting Servlet engine: [Apache Tomcat/9.0.39]
2021-04-13 10:10:16.675 INFO  [                                             ] [main] o.a.c.c.C.[Tomcat].[localhost].[/] [] [] - Initializing Spring embedded WebApplicationContext
2021-04-13 10:10:16.676 INFO  [                                             ] [main] o.s.b.w.s.c.ServletWebServerApplicationContext [] [] - Root WebApplicationContext: initialization completed in 3957 ms
2021-04-13 10:10:17.169 INFO  [                                             ] [main] o.s.s.c.ThreadPoolTaskExecutor [] [] - Initializing ExecutorService
2021-04-13 10:10:17.851 INFO  [                                             ] [main] o.s.s.c.ThreadPoolTaskExecutor [] [] - Initializing ExecutorService 'applicationTaskExecutor'
2021-04-13 10:10:18.170 WARN  [                                             ] [main] o.t.templatemode.TemplateMode [] [] - [THYMELEAF][main] Template Mode 'HTML5' is deprecated. Using Template Mode 'HTML' instead.
2021-04-13 10:10:19.649 INFO  [                                             ] [main] o.a.coyote.http11.Http11NioProtocol [] [] - Starting ProtocolHandler ["http-nio-9200"]
2021-04-13 10:10:19.728 INFO  [                                             ] [main] o.s.b.w.e.tomcat.TomcatWebServer [] [] - Tomcat started on port(s): 9200 (http) with context path ''
2021-04-13 10:10:19.746 INFO  [                                             ] [main] c.b.c.server.demo.ServerApplication [] [] - Started ServerApplication in 9.152 seconds (JVM running for 10.58)
2021-04-13 10:10:44.286 INFO  [                                             ] [http-nio-9200-exec-1] o.a.c.c.C.[Tomcat].[localhost].[/] [] [] - Initializing Spring DispatcherServlet 'dispatcherServlet'
2021-04-13 10:10:44.286 INFO  [                                             ] [http-nio-9200-exec-1] o.s.web.servlet.DispatcherServlet [] [] - Initializing Servlet 'dispatcherServlet'
2021-04-13 10:10:44.296 INFO  [                                             ] [http-nio-9200-exec-1] o.s.web.servlet.DispatcherServlet [] [] - Completed initialization in 9 ms
2021-04-13 10:23:07.220 INFO  [                                             ] [SpringContextShutdownHook] o.s.s.c.ThreadPoolTaskExecutor [] [] - Shutting down ExecutorService 'applicationTaskExecutor'
2021-04-13 10:23:07.263 INFO  [                                             ] [SpringContextShutdownHook] o.s.s.c.ThreadPoolTaskExecutor [] [] - Shutting down ExecutorService
2021-04-13 10:23:18.213 INFO  [                                             ] [background-preinit] o.h.validator.internal.util.Version [] [] - HV000001: Hibernate Validator 6.1.6.Final
2021-04-13 10:23:18.321 INFO  [                                             ] [main] c.b.c.server.demo.ServerApplication [] [] - Starting ServerApplication on jufeng with PID 21424 (E:\me-space\cas-bird\cas-brid-server-demo\target\classes started by 86186 in E:\me-space\cas-bird)
2021-04-13 10:23:18.322 INFO  [                                             ] [main] c.b.c.server.demo.ServerApplication [] [] - The following profiles are active: local
2021-04-13 10:23:20.491 INFO  [                                             ] [main] o.s.d.r.c.RepositoryConfigurationDelegate [] [] - Multiple Spring Data modules found, entering strict repository configuration mode!
2021-04-13 10:23:20.498 INFO  [                                             ] [main] o.s.d.r.c.RepositoryConfigurationDelegate [] [] - Bootstrapping Spring Data Redis repositories in DEFAULT mode.
2021-04-13 10:23:20.561 INFO  [                                             ] [main] o.s.d.r.c.RepositoryConfigurationDelegate [] [] - Finished Spring Data repository scanning in 31ms. Found 0 Redis repository interfaces.
2021-04-13 10:23:22.357 INFO  [                                             ] [main] o.s.b.w.e.tomcat.TomcatWebServer [] [] - Tomcat initialized with port(s): 9200 (http)
2021-04-13 10:23:22.373 INFO  [                                             ] [main] o.a.coyote.http11.Http11NioProtocol [] [] - Initializing ProtocolHandler ["http-nio-9200"]
2021-04-13 10:23:22.374 INFO  [                                             ] [main] o.a.catalina.core.StandardService [] [] - Starting service [Tomcat]
2021-04-13 10:23:22.375 INFO  [                                             ] [main] o.a.catalina.core.StandardEngine [] [] - Starting Servlet engine: [Apache Tomcat/9.0.39]
2021-04-13 10:23:22.607 INFO  [                                             ] [main] o.a.c.c.C.[Tomcat].[localhost].[/] [] [] - Initializing Spring embedded WebApplicationContext
2021-04-13 10:23:22.607 INFO  [                                             ] [main] o.s.b.w.s.c.ServletWebServerApplicationContext [] [] - Root WebApplicationContext: initialization completed in 4059 ms
2021-04-13 10:23:23.157 INFO  [                                             ] [main] o.s.s.c.ThreadPoolTaskExecutor [] [] - Initializing ExecutorService
2021-04-13 10:23:24.213 INFO  [                                             ] [main] o.s.s.c.ThreadPoolTaskExecutor [] [] - Initializing ExecutorService 'applicationTaskExecutor'
2021-04-13 10:23:24.705 WARN  [                                             ] [main] o.t.templatemode.TemplateMode [] [] - [THYMELEAF][main] Template Mode 'HTML5' is deprecated. Using Template Mode 'HTML' instead.
2021-04-13 10:23:27.204 INFO  [                                             ] [main] o.a.coyote.http11.Http11NioProtocol [] [] - Starting ProtocolHandler ["http-nio-9200"]
2021-04-13 10:23:27.331 INFO  [                                             ] [main] o.s.b.w.e.tomcat.TomcatWebServer [] [] - Tomcat started on port(s): 9200 (http) with context path ''
2021-04-13 10:23:27.361 INFO  [                                             ] [main] c.b.c.server.demo.ServerApplication [] [] - Started ServerApplication in 10.602 seconds (JVM running for 12.351)
2021-04-13 10:23:35.019 INFO  [                                             ] [http-nio-9200-exec-2] o.a.c.c.C.[Tomcat].[localhost].[/] [] [] - Initializing Spring DispatcherServlet 'dispatcherServlet'
2021-04-13 10:23:35.020 INFO  [                                             ] [http-nio-9200-exec-2] o.s.web.servlet.DispatcherServlet [] [] - Initializing Servlet 'dispatcherServlet'
2021-04-13 10:23:35.028 INFO  [                                             ] [http-nio-9200-exec-2] o.s.web.servlet.DispatcherServlet [] [] - Completed initialization in 8 ms
2021-04-13 10:55:30.263 INFO  [                                             ] [SpringContextShutdownHook] o.s.s.c.ThreadPoolTaskExecutor [] [] - Shutting down ExecutorService 'applicationTaskExecutor'
2021-04-13 10:55:30.317 INFO  [                                             ] [SpringContextShutdownHook] o.s.s.c.ThreadPoolTaskExecutor [] [] - Shutting down ExecutorService
2021-04-13 10:55:37.701 INFO  [                                             ] [background-preinit] o.h.validator.internal.util.Version [] [] - HV000001: Hibernate Validator 6.1.6.Final
2021-04-13 10:55:37.751 INFO  [                                             ] [main] c.b.c.server.demo.ServerApplication [] [] - Starting ServerApplication on jufeng with PID 43064 (E:\me-space\cas-bird\cas-brid-server-demo\target\classes started by 86186 in E:\me-space\cas-bird)
2021-04-13 10:55:37.752 INFO  [                                             ] [main] c.b.c.server.demo.ServerApplication [] [] - The following profiles are active: local
2021-04-13 10:55:38.948 INFO  [                                             ] [main] o.s.d.r.c.RepositoryConfigurationDelegate [] [] - Multiple Spring Data modules found, entering strict repository configuration mode!
2021-04-13 10:55:38.952 INFO  [                                             ] [main] o.s.d.r.c.RepositoryConfigurationDelegate [] [] - Bootstrapping Spring Data Redis repositories in DEFAULT mode.
2021-04-13 10:55:39.001 INFO  [                                             ] [main] o.s.d.r.c.RepositoryConfigurationDelegate [] [] - Finished Spring Data repository scanning in 25ms. Found 0 Redis repository interfaces.
2021-04-13 10:55:41.465 INFO  [                                             ] [main] o.s.b.w.e.tomcat.TomcatWebServer [] [] - Tomcat initialized with port(s): 9200 (http)
2021-04-13 10:55:41.492 INFO  [                                             ] [main] o.a.coyote.http11.Http11NioProtocol [] [] - Initializing ProtocolHandler ["http-nio-9200"]
2021-04-13 10:55:41.494 INFO  [                                             ] [main] o.a.catalina.core.StandardService [] [] - Starting service [Tomcat]
2021-04-13 10:55:41.495 INFO  [                                             ] [main] o.a.catalina.core.StandardEngine [] [] - Starting Servlet engine: [Apache Tomcat/9.0.39]
2021-04-13 10:55:42.096 INFO  [                                             ] [main] o.a.c.c.C.[Tomcat].[localhost].[/] [] [] - Initializing Spring embedded WebApplicationContext
2021-04-13 10:55:42.097 INFO  [                                             ] [main] o.s.b.w.s.c.ServletWebServerApplicationContext [] [] - Root WebApplicationContext: initialization completed in 4218 ms
2021-04-13 10:55:42.876 INFO  [                                             ] [main] o.s.s.c.ThreadPoolTaskExecutor [] [] - Initializing ExecutorService
2021-04-13 10:55:44.401 INFO  [                                             ] [main] o.s.s.c.ThreadPoolTaskExecutor [] [] - Initializing ExecutorService 'applicationTaskExecutor'
2021-04-13 10:55:44.971 WARN  [                                             ] [main] o.t.templatemode.TemplateMode [] [] - [THYMELEAF][main] Template Mode 'HTML5' is deprecated. Using Template Mode 'HTML' instead.
2021-04-13 10:55:46.434 INFO  [                                             ] [main] o.a.coyote.http11.Http11NioProtocol [] [] - Starting ProtocolHandler ["http-nio-9200"]
2021-04-13 10:55:46.481 INFO  [                                             ] [main] o.s.b.w.e.tomcat.TomcatWebServer [] [] - Tomcat started on port(s): 9200 (http) with context path ''
2021-04-13 10:55:46.539 INFO  [                                             ] [main] c.b.c.server.demo.ServerApplication [] [] - Started ServerApplication in 9.73 seconds (JVM running for 10.826)
2021-04-13 14:26:24.095 INFO  [                                             ] [http-nio-9200-exec-1] o.a.c.c.C.[Tomcat].[localhost].[/] [] [] - Initializing Spring DispatcherServlet 'dispatcherServlet'
2021-04-13 14:26:24.100 INFO  [                                             ] [http-nio-9200-exec-1] o.s.web.servlet.DispatcherServlet [] [] - Initializing Servlet 'dispatcherServlet'
2021-04-13 14:26:24.154 INFO  [                                             ] [http-nio-9200-exec-1] o.s.web.servlet.DispatcherServlet [] [] - Completed initialization in 52 ms
